<?xml version="1.0" encoding="UTF-8"?>
<!-- Generated by org.testng.reporters.JUnitReportReporter -->
<testsuite hostname="Amit" failures="0" tests="1" name="testCases.TC002_LoginTest" time="2.890" errors="0" timestamp="2025-06-14T14:54:24 IST" skipped="0">
  <testcase classname="testCases.TC002_LoginTest" name="verify_login" time="2.890"/>
</testsuite> <!-- testCases.TC002_LoginTest -->
