<?xml version="1.0" encoding="UTF-8"?>
<!-- Generated by org.testng.reporters.JUnitReportReporter -->
<testsuite hostname="Amit" failures="0" tests="1" name="testCases.TC001_AccountRegistrationTest" time="11.949" errors="0" timestamp="2025-06-15T23:23:54 IST" skipped="0">
  <testcase classname="testCases.TC001_AccountRegistrationTest" name="verify_account_registration" time="11.949"/>
</testsuite> <!-- testCases.TC001_AccountRegistrationTest -->
