<?xml version="1.0" encoding="UTF-8"?>
<!-- Generated by org.testng.reporters.JUnitReportReporter -->
<testsuite hostname="Amit" failures="0" tests="1" name="testCases.TC001_AccountRegistrationTest" time="2.401" errors="0" timestamp="2025-06-10T22:58:08 IST" skipped="0">
  <testcase classname="testCases.TC001_AccountRegistrationTest" name="verify_account_registration" time="2.401"/>
</testsuite> <!-- testCases.TC001_AccountRegistrationTest -->
