<?xml version="1.0" encoding="UTF-8"?>
<!-- Generated by org.testng.reporters.JUnitReportReporter -->
<testsuite hostname="Amit" failures="0" tests="1" name="testCases.TC001_AccountRegistrationTest" time="2.740" errors="0" timestamp="2025-06-11T23:49:08 IST" skipped="0">
  <testcase classname="testCases.TC001_AccountRegistrationTest" name="verify_account_registration" time="2.740"/>
</testsuite> <!-- testCases.TC001_AccountRegistrationTest -->
