<?xml version="1.0" encoding="UTF-8"?>
<!-- Generated by org.testng.reporters.JUnitReportReporter -->
<testsuite hostname="Amit" failures="0" tests="1" name="testCases.TC002_LoginTest" time="1.682" errors="0" timestamp="2025-06-08T19:37:10 IST" skipped="0">
  <testcase classname="testCases.TC002_LoginTest" name="verify_login" time="1.682"/>
</testsuite> <!-- testCases.TC002_LoginTest -->
