<?xml version="1.0" encoding="UTF-8"?>
<!-- Generated by org.testng.reporters.JUnitReportReporter -->
<testsuite hostname="Amit" failures="0" tests="1" name="testCases.TC002_LoginTest" time="1.545" errors="0" timestamp="2025-06-10T22:58:08 IST" skipped="0">
  <testcase classname="testCases.TC002_LoginTest" name="verify_login" time="1.545"/>
</testsuite> <!-- testCases.TC002_LoginTest -->
