<?xml version="1.0" encoding="UTF-8"?>
<!-- Generated by org.testng.reporters.JUnitReportReporter -->
<testsuite hostname="DRT-LAP-049" failures="0" tests="1" name="testCases.TC002_LoginTest" time="1.661" errors="0" timestamp="2025-06-12T11:13:32 IST" skipped="0">
  <testcase classname="testCases.TC002_LoginTest" name="verify_login" time="1.661"/>
</testsuite> <!-- testCases.TC002_LoginTest -->
